<?xml version="1.0" encoding="UTF-8"?>
<!-- Generated by org.testng.reporters.JUnitReportReporter -->
<testsuite hostname="Dell-PC" failures="0" tests="3" name="tests.TestClassA" time="0.032" errors="0" timestamp="2022-02-11T16:31:32 IST" skipped="0">
  <testcase classname="tests.TestClassA" name="testC" time="0.006"/>
  <system-out/>
  <testcase classname="tests.TestClassA" name="testA" time="0.022"/>
  <system-out/>
  <testcase classname="tests.TestClassA" name="testB" time="0.004"/>
  <system-out/>
</testsuite> <!-- tests.TestClassA -->
