<?xml version="1.0" encoding="UTF-8"?>
<!-- Generated by org.testng.reporters.JUnitReportReporter -->
<testsuite hostname="Dell-PC" failures="0" tests="3" name="tests.TestClassB" time="0.016" errors="0" timestamp="2022-02-11T16:29:40 IST" skipped="0">
  <testcase classname="tests.TestClassB" name="testE" time="0.006"/>
  <system-out/>
  <testcase classname="tests.TestClassB" name="testF" time="0.004"/>
  <system-out/>
  <testcase classname="tests.TestClassB" name="testG" time="0.006"/>
  <system-out/>
</testsuite> <!-- tests.TestClassB -->
