<?xml version="1.0" encoding="UTF-8"?>
<!-- Generated by org.testng.reporters.JUnitReportReporter -->
<testsuite hostname="Dell-PC" failures="0" tests="6" name="tests.VerifyHeadersOFApplication" time="44.310" errors="0" timestamp="2022-02-12T17:34:55 IST" skipped="0">
  <testcase classname="tests.VerifyHeadersOFApplication" name="toVerifyUserTab" time="4.512"/>
  <system-out/>
  <testcase classname="tests.VerifyHeadersOFApplication" name="toVerifyTaskButton" time="8.902"/>
  <system-out/>
  <testcase classname="tests.VerifyHeadersOFApplication" name="toVerifyUserTab" time="8.672"/>
  <system-out/>
  <testcase classname="tests.VerifyHeadersOFApplication" name="toVerifyTaskButton" time="8.424"/>
  <system-out/>
  <testcase classname="tests.VerifyHeadersOFApplication" name="toVerifyTaskButton" time="7.511"/>
  <system-out/>
  <testcase classname="tests.VerifyHeadersOFApplication" name="toVerifyUserTab" time="6.289"/>
  <system-out/>
</testsuite> <!-- tests.VerifyHeadersOFApplication -->
