<?xml version="1.0" encoding="UTF-8"?>
<!-- Generated by org.testng.reporters.JUnitReportReporter -->
<testsuite hostname="Dell-PC" failures="0" tests="1" name="tests.TestClass2" time="0.028" errors="0" timestamp="2022-02-08T13:00:09 IST" skipped="0">
  <testcase classname="tests.TestClass2" name="test" time="0.028"/>
  <system-out/>
</testsuite> <!-- tests.TestClass2 -->
