<?xml version="1.0" encoding="UTF-8"?>
<!-- Generated by org.testng.reporters.JUnitReportReporter -->
<testsuite hostname="Dell-PC" failures="0" tests="4" name="tests.FinalVerifyHeadersOFApplication" time="85.325" errors="0" timestamp="2022-02-16T19:34:53 IST" skipped="0">
  <testcase classname="tests.FinalVerifyHeadersOFApplication" name="toVerifyTaskButton" time="4.898"/>
  <system-out/>
  <testcase classname="tests.FinalVerifyHeadersOFApplication" name="toVerifyUserTab" time="8.372"/>
  <system-out/>
  <testcase classname="tests.FinalVerifyHeadersOFApplication" name="toVerifyUserTab" time="12.352"/>
  <system-out/>
  <testcase classname="tests.FinalVerifyHeadersOFApplication" name="toVerifyTaskButton" time="59.703"/>
  <system-out/>
</testsuite> <!-- tests.FinalVerifyHeadersOFApplication -->
